# JRE version: OpenJDK Runtime Environment (19.0.2+7) (build 19.0.2+7-44)
# Java VM: OpenJDK 64-Bit Server VM (19.0.2+7-44, mixed mode, sharing, tiered, compressed oops, compressed class ptrs, g1 gc, windows-amd64)
GC Precious Log:
 CardTable entry size: 512
 Card Set container configuration: InlinePtr #cards 5 size 8 Array Of Cards #cards 12 size 40 Howl #buckets 4 coarsen threshold 1843 Howl Bitmap #cards 512 size 80 coarsen threshold 460 Card regions per heap region 1 cards per card region 2048
 CPUs: 2 total, 2 available
 Memory: 6033M
 Large Page Support: Disabled
 NUMA Support: Disabled
 Compressed Oops: Enabled (32-bit)
 Heap Region Size: 1M
 Heap Min Capacity: 8M
 Heap Initial Capacity: 96M
 Heap Max Capacity: 1510M
 Pre-touch: Disabled
 Parallel Workers: 2
 Concurrent Workers: 1
 Concurrent Refinement Workers: 2
 Periodic GC: Disabled
Heap:
 garbage-first heap   total 114688K, used 52536K [0x00000000a1a00000, 0x0000000100000000)
  region size 1024K, 28 young (28672K), 6 survivors (6144K)
 Metaspace       used 27344K, committed 27776K, reserved 1114112K
  class space    used 2912K, committed 3136K, reserved 1048576K
GC Heap History (20 events):
Event: 0.655 GC heap before
{Heap before GC invocations=0 (full 0):
 garbage-first heap   total 98304K, used 6144K [0x00000000a1a00000, 0x0000000100000000)
  region size 1024K, 6 young (6144K), 0 survivors (0K)
 Metaspace       used 2117K, committed 2240K, reserved 1114112K
  class space    used 186K, committed 256K, reserved 1048576K
}
Event: 0.660 GC heap after
{Heap after GC invocations=1 (full 0):
 garbage-first heap   total 98304K, used 1997K [0x00000000a1a00000, 0x0000000100000000)
  region size 1024K, 1 young (1024K), 1 survivors (1024K)
 Metaspace       used 2117K, committed 2240K, reserved 1114112K
  class space    used 186K, committed 256K, reserved 1048576K
}
Event: 1.111 GC heap before
{Heap before GC invocations=1 (full 0):
 garbage-first heap   total 98304K, used 7117K [0x00000000a1a00000, 0x0000000100000000)
  region size 1024K, 6 young (6144K), 1 survivors (1024K)
 Metaspace       used 3440K, committed 3584K, reserved 1114112K
  class space    used 320K, committed 384K, reserved 1048576K
}
Event: 1.118 GC heap after
{Heap after GC invocations=2 (full 0):
 garbage-first heap   total 98304K, used 3600K [0x00000000a1a00000, 0x0000000100000000)
  region size 1024K, 1 young (1024K), 1 survivors (1024K)
 Metaspace       used 3440K, committed 3584K, reserved 1114112K
  class space    used 320K, committed 384K, reserved 1048576K
}
Event: 1.628 GC heap before
{Heap before GC invocations=2 (full 0):
 garbage-first heap   total 98304K, used 13840K [0x00000000a1a00000, 0x0000000100000000)
  region size 1024K, 11 young (11264K), 1 survivors (1024K)
 Metaspace       used 5552K, committed 5760K, reserved 1114112K
  class space    used 604K, committed 704K, reserved 1048576K
}
Event: 1.633 GC heap after
{Heap after GC invocations=3 (full 0):
 garbage-first heap   total 98304K, used 4160K [0x00000000a1a00000, 0x0000000100000000)
  region size 1024K, 2 young (2048K), 2 survivors (2048K)
 Metaspace       used 5552K, committed 5760K, reserved 1114112K
  class space    used 604K, committed 704K, reserved 1048576K
}
Event: 5.014 GC heap before
{Heap before GC invocations=3 (full 0):
 garbage-first heap   total 98304K, used 59456K [0x00000000a1a00000, 0x0000000100000000)
  region size 1024K, 57 young (58368K), 2 survivors (2048K)
 Metaspace       used 13481K, committed 13760K, reserved 1114112K
  class space    used 1489K, committed 1600K, reserved 1048576K
}
Event: 5.043 GC heap after
{Heap after GC invocations=4 (full 0):
 garbage-first heap   total 98304K, used 9025K [0x00000000a1a00000, 0x0000000100000000)
  region size 1024K, 7 young (7168K), 7 survivors (7168K)
 Metaspace       used 13481K, committed 13760K, reserved 1114112K
  class space    used 1489K, committed 1600K, reserved 1048576K
}
Event: 7.516 GC heap before
{Heap before GC invocations=4 (full 0):
 garbage-first heap   total 110592K, used 92993K [0x00000000a1a00000, 0x0000000100000000)
  region size 1024K, 57 young (58368K), 7 survivors (7168K)
 Metaspace       used 15422K, committed 15680K, reserved 1114112K
  class space    used 1646K, committed 1792K, reserved 1048576K
}
Event: 7.547 GC heap after
{Heap after GC invocations=5 (full 0):
 garbage-first heap   total 110592K, used 12803K [0x00000000a1a00000, 0x0000000100000000)
  region size 1024K, 4 young (4096K), 4 survivors (4096K)
 Metaspace       used 15422K, committed 15680K, reserved 1114112K
  class space    used 1646K, committed 1792K, reserved 1048576K
}
Event: 9.625 GC heap before
{Heap before GC invocations=5 (full 0):
 garbage-first heap   total 110592K, used 28163K [0x00000000a1a00000, 0x0000000100000000)
  region size 1024K, 20 young (20480K), 4 survivors (4096K)
 Metaspace       used 21191K, committed 21504K, reserved 1114112K
  class space    used 2305K, committed 2496K, reserved 1048576K
}
Event: 9.638 GC heap after
{Heap after GC invocations=6 (full 0):
 garbage-first heap   total 110592K, used 14658K [0x00000000a1a00000, 0x0000000100000000)
  region size 1024K, 6 young (6144K), 6 survivors (6144K)
 Metaspace       used 21191K, committed 21504K, reserved 1114112K
  class space    used 2305K, committed 2496K, reserved 1048576K
}
Event: 11.236 GC heap before
{Heap before GC invocations=7 (full 0):
 garbage-first heap   total 55296K, used 41282K [0x00000000a1a00000, 0x0000000100000000)
  region size 1024K, 32 young (32768K), 6 survivors (6144K)
 Metaspace       used 24344K, committed 24704K, reserved 1114112K
  class space    used 2643K, committed 2816K, reserved 1048576K
}
Event: 11.262 GC heap after
{Heap after GC invocations=8 (full 0):
 garbage-first heap   total 55296K, used 21995K [0x00000000a1a00000, 0x0000000100000000)
  region size 1024K, 4 young (4096K), 4 survivors (4096K)
 Metaspace       used 24344K, committed 24704K, reserved 1114112K
  class space    used 2643K, committed 2816K, reserved 1048576K
}
Event: 11.272 GC heap before
{Heap before GC invocations=8 (full 0):
 garbage-first heap   total 55296K, used 23019K [0x00000000a1a00000, 0x0000000100000000)
  region size 1024K, 5 young (5120K), 4 survivors (4096K)
 Metaspace       used 24344K, committed 24704K, reserved 1114112K
  class space    used 2643K, committed 2816K, reserved 1048576K
}
Event: 11.282 GC heap after
{Heap after GC invocations=9 (full 0):
 garbage-first heap   total 55296K, used 23299K [0x00000000a1a00000, 0x0000000100000000)
  region size 1024K, 1 young (1024K), 1 survivors (1024K)
 Metaspace       used 24344K, committed 24704K, reserved 1114112K
  class space    used 2643K, committed 2816K, reserved 1048576K
}
Event: 12.239 GC heap before
{Heap before GC invocations=9 (full 0):
 garbage-first heap   total 55296K, used 39683K [0x00000000a1a00000, 0x0000000100000000)
  region size 1024K, 18 young (18432K), 1 survivors (1024K)
 Metaspace       used 24982K, committed 25344K, reserved 1114112K
  class space    used 2714K, committed 2880K, reserved 1048576K
}
Event: 12.247 GC heap after
{Heap after GC invocations=10 (full 0):
 garbage-first heap   total 114688K, used 28573K [0x00000000a1a00000, 0x0000000100000000)
  region size 1024K, 3 young (3072K), 3 survivors (3072K)
 Metaspace       used 24982K, committed 25344K, reserved 1114112K
  class space    used 2714K, committed 2880K, reserved 1048576K
}
Event: 14.163 GC heap before
{Heap before GC invocations=10 (full 0):
 garbage-first heap   total 114688K, used 75677K [0x00000000a1a00000, 0x0000000100000000)
  region size 1024K, 50 young (51200K), 3 survivors (3072K)
 Metaspace       used 26458K, committed 26880K, reserved 1114112K
  class space    used 2826K, committed 3072K, reserved 1048576K
}
Event: 14.180 GC heap after
{Heap after GC invocations=11 (full 0):
 garbage-first heap   total 114688K, used 31032K [0x00000000a1a00000, 0x0000000100000000)
  region size 1024K, 6 young (6144K), 6 survivors (6144K)
 Metaspace       used 26458K, committed 26880K, reserved 1114112K
  class space    used 2826K, committed 3072K, reserved 1048576K
}

